# JRE version: OpenJDK Runtime Environment GraalVM CE 22.3.0 (17.0.5+8) (build 17.0.5+8-jvmci-22.3-b08)
# Java VM: OpenJDK 64-Bit Server VM GraalVM CE 22.3.0 (17.0.5+8-jvmci-22.3-b08, mixed mode, sharing, tiered, jvmci, jvmci compiler, compressed oops, compressed class ptrs, parallel gc, linux-amd64)
GC Precious Log:
 CPUs: 8 total, 1 available
 Memory: 1024M
 Large Page Support: Disabled
 NUMA Support: Disabled
 Compressed Oops: Enabled (32-bit)
 Alignments: Space 512K, Generation 512K, Heap 2M
 Heap Min Capacity: 100M
 Heap Initial Capacity: 100M
 Heap Max Capacity: 512M
 Pre-touch: Disabled
 Parallel Workers: 1
Heap:
 PSYoungGen      total 54272K, used 37375K [0x00000000f5580000, 0x00000000f9d00000, 0x0000000100000000)
  eden space 37376K, 99% used [0x00000000f5580000,0x00000000f79ffff8,0x00000000f7a00000)
  from space 16896K, 0% used [0x00000000f7a00000,0x00000000f7a00000,0x00000000f8a80000)
  to   space 16384K, 0% used [0x00000000f8a80000,0x00000000f8a80000,0x00000000f9a80000)
 ParOldGen       total 349696K, used 349695K [0x00000000e0000000, 0x00000000f5580000, 0x00000000f5580000)
  object space 349696K, 99% used [0x00000000e0000000,0x00000000f557ffa8,0x00000000f5580000)
 Metaspace       used 51027K, committed 51904K, reserved 1097728K
  class space    used 4983K, committed 5312K, reserved 1048576K
GC Heap History (20 events):
Event: 1429.101 GC heap before
{Heap before GC invocations=739 (full 659):
 PSYoungGen      total 54272K, used 37375K [0x00000000f5580000, 0x00000000f9d00000, 0x0000000100000000)
  eden space 37376K, 99% used [0x00000000f5580000,0x00000000f79ffff8,0x00000000f7a00000)
  from space 16896K, 0% used [0x00000000f7a00000,0x00000000f7a00000,0x00000000f8a80000)
  to   space 16384K, 0% used [0x00000000f8a80000,0x00000000f8a80000,0x00000000f9a80000)
 ParOldGen       total 349696K, used 349687K [0x00000000e0000000, 0x00000000f5580000, 0x00000000f5580000)
  object space 349696K, 99% used [0x00000000e0000000,0x00000000f557dcd8,0x00000000f5580000)
 Metaspace       used 51027K, committed 51904K, reserved 1097728K
  class space    used 4983K, committed 5312K, reserved 1048576K
}
Event: 1431.000 GC heap after
{Heap after GC invocations=739 (full 659):
 PSYoungGen      total 53760K, used 37375K [0x00000000f5580000, 0x00000000f9d00000, 0x0000000100000000)
  eden space 37376K, 99% used [0x00000000f5580000,0x00000000f79fffd8,0x00000000f7a00000)
  from space 16384K, 0% used [0x00000000f8a80000,0x00000000f8a80000,0x00000000f9a80000)
  to   space 16896K, 0% used [0x00000000f7a00000,0x00000000f7a00000,0x00000000f8a80000)
 ParOldGen       total 349696K, used 349685K [0x00000000e0000000, 0x00000000f5580000, 0x00000000f5580000)
  object space 349696K, 99% used [0x00000000e0000000,0x00000000f557d508,0x00000000f5580000)
 Metaspace       used 51027K, committed 51904K, reserved 1097728K
  class space    used 4983K, committed 5312K, reserved 1048576K
}
Event: 1431.001 GC heap before
{Heap before GC invocations=740 (full 660):
 PSYoungGen      total 53760K, used 37375K [0x00000000f5580000, 0x00000000f9d00000, 0x0000000100000000)
  eden space 37376K, 99% used [0x00000000f5580000,0x00000000f79ffff8,0x00000000f7a00000)
  from space 16384K, 0% used [0x00000000f8a80000,0x00000000f8a80000,0x00000000f9a80000)
  to   space 16896K, 0% used [0x00000000f7a00000,0x00000000f7a00000,0x00000000f8a80000)
 ParOldGen       total 349696K, used 349687K [0x00000000e0000000, 0x00000000f5580000, 0x00000000f5580000)
  object space 349696K, 99% used [0x00000000e0000000,0x00000000f557dd18,0x00000000f5580000)
 Metaspace       used 51027K, committed 51904K, reserved 1097728K
  class space    used 4983K, committed 5312K, reserved 1048576K
}
Event: 1432.704 GC heap after
{Heap after GC invocations=740 (full 660):
 PSYoungGen      total 54272K, used 37375K [0x00000000f5580000, 0x00000000f9d00000, 0x0000000100000000)
  eden space 37376K, 99% used [0x00000000f5580000,0x00000000f79fffd8,0x00000000f7a00000)
  from space 16896K, 0% used [0x00000000f7a00000,0x00000000f7a00000,0x00000000f8a80000)
  to   space 16384K, 0% used [0x00000000f8a80000,0x00000000f8a80000,0x00000000f9a80000)
 ParOldGen       total 349696K, used 349687K [0x00000000e0000000, 0x00000000f5580000, 0x00000000f5580000)
  object space 349696K, 99% used [0x00000000e0000000,0x00000000f557dd18,0x00000000f5580000)
 Metaspace       used 51027K, committed 51904K, reserved 1097728K
  class space    used 4983K, committed 5312K, reserved 1048576K
}
Event: 1432.704 GC heap before
{Heap before GC invocations=741 (full 661):
 PSYoungGen      total 54272K, used 37375K [0x00000000f5580000, 0x00000000f9d00000, 0x0000000100000000)
  eden space 37376K, 99% used [0x00000000f5580000,0x00000000f79ffff8,0x00000000f7a00000)
  from space 16896K, 0% used [0x00000000f7a00000,0x00000000f7a00000,0x00000000f8a80000)
  to   space 16384K, 0% used [0x00000000f8a80000,0x00000000f8a80000,0x00000000f9a80000)
 ParOldGen       total 349696K, used 349687K [0x00000000e0000000, 0x00000000f5580000, 0x00000000f5580000)
  object space 349696K, 99% used [0x00000000e0000000,0x00000000f557dd18,0x00000000f5580000)
 Metaspace       used 51027K, committed 51904K, reserved 1097728K
  class space    used 4983K, committed 5312K, reserved 1048576K
}
Event: 1434.662 GC heap after
{Heap after GC invocations=741 (full 661):
 PSYoungGen      total 53760K, used 37375K [0x00000000f5580000, 0x00000000f9d00000, 0x0000000100000000)
  eden space 37376K, 99% used [0x00000000f5580000,0x00000000f79fffd8,0x00000000f7a00000)
  from space 16384K, 0% used [0x00000000f8a80000,0x00000000f8a80000,0x00000000f9a80000)
  to   space 16896K, 0% used [0x00000000f7a00000,0x00000000f7a00000,0x00000000f8a80000)
 ParOldGen       total 349696K, used 349687K [0x00000000e0000000, 0x00000000f5580000, 0x00000000f5580000)
  object space 349696K, 99% used [0x00000000e0000000,0x00000000f557dd18,0x00000000f5580000)
 Metaspace       used 51027K, committed 51904K, reserved 1097728K
  class space    used 4983K, committed 5312K, reserved 1048576K
}
Event: 1434.662 GC heap before
{Heap before GC invocations=742 (full 662):
 PSYoungGen      total 53760K, used 37375K [0x00000000f5580000, 0x00000000f9d00000, 0x0000000100000000)
  eden space 37376K, 99% used [0x00000000f5580000,0x00000000f79ffff8,0x00000000f7a00000)
  from space 16384K, 0% used [0x00000000f8a80000,0x00000000f8a80000,0x00000000f9a80000)
  to   space 16896K, 0% used [0x00000000f7a00000,0x00000000f7a00000,0x00000000f8a80000)
 ParOldGen       total 349696K, used 349687K [0x00000000e0000000, 0x00000000f5580000, 0x00000000f5580000)
  object space 349696K, 99% used [0x00000000e0000000,0x00000000f557dd18,0x00000000f5580000)
 Metaspace       used 51027K, committed 51904K, reserved 1097728K
  class space    used 4983K, committed 5312K, reserved 1048576K
}
Event: 1436.607 GC heap after
{Heap after GC invocations=742 (full 662):
 PSYoungGen      total 54272K, used 37375K [0x00000000f5580000, 0x00000000f9d00000, 0x0000000100000000)
  eden space 37376K, 99% used [0x00000000f5580000,0x00000000f79ffff8,0x00000000f7a00000)
  from space 16896K, 0% used [0x00000000f7a00000,0x00000000f7a00000,0x00000000f8a80000)
  to   space 16384K, 0% used [0x00000000f8a80000,0x00000000f8a80000,0x00000000f9a80000)
 ParOldGen       total 349696K, used 349687K [0x00000000e0000000, 0x00000000f5580000, 0x00000000f5580000)
  object space 349696K, 99% used [0x00000000e0000000,0x00000000f557dd18,0x00000000f5580000)
 Metaspace       used 51027K, committed 51904K, reserved 1097728K
  class space    used 4983K, committed 5312K, reserved 1048576K
}
Event: 1436.608 GC heap before
{Heap before GC invocations=743 (full 663):
 PSYoungGen      total 54272K, used 37375K [0x00000000f5580000, 0x00000000f9d00000, 0x0000000100000000)
  eden space 37376K, 99% used [0x00000000f5580000,0x00000000f79ffff8,0x00000000f7a00000)
  from space 16896K, 0% used [0x00000000f7a00000,0x00000000f7a00000,0x00000000f8a80000)
  to   space 16384K, 0% used [0x00000000f8a80000,0x00000000f8a80000,0x00000000f9a80000)
 ParOldGen       total 349696K, used 349689K [0x00000000e0000000, 0x00000000f5580000, 0x00000000f5580000)
  object space 349696K, 99% used [0x00000000e0000000,0x00000000f557e518,0x00000000f5580000)
 Metaspace       used 51027K, committed 51904K, reserved 1097728K
  class space    used 4983K, committed 5312K, reserved 1048576K
}
Event: 1438.461 GC heap after
{Heap after GC invocations=743 (full 663):
 PSYoungGen      total 53760K, used 37375K [0x00000000f5580000, 0x00000000f9d00000, 0x0000000100000000)
  eden space 37376K, 99% used [0x00000000f5580000,0x00000000f79ffff8,0x00000000f7a00000)
  from space 16384K, 0% used [0x00000000f8a80000,0x00000000f8a80000,0x00000000f9a80000)
  to   space 16896K, 0% used [0x00000000f7a00000,0x00000000f7a00000,0x00000000f8a80000)
 ParOldGen       total 349696K, used 349689K [0x00000000e0000000, 0x00000000f5580000, 0x00000000f5580000)
  object space 349696K, 99% used [0x00000000e0000000,0x00000000f557e518,0x00000000f5580000)
 Metaspace       used 51027K, committed 51904K, reserved 1097728K
  class space    used 4983K, committed 5312K, reserved 1048576K
}
Event: 1438.461 GC heap before
{Heap before GC invocations=744 (full 664):
 PSYoungGen      total 53760K, used 37375K [0x00000000f5580000, 0x00000000f9d00000, 0x0000000100000000)
  eden space 37376K, 99% used [0x00000000f5580000,0x00000000f79ffff8,0x00000000f7a00000)
  from space 16384K, 0% used [0x00000000f8a80000,0x00000000f8a80000,0x00000000f9a80000)
  to   space 16896K, 0% used [0x00000000f7a00000,0x00000000f7a00000,0x00000000f8a80000)
 ParOldGen       total 349696K, used 349691K [0x00000000e0000000, 0x00000000f5580000, 0x00000000f5580000)
  object space 349696K, 99% used [0x00000000e0000000,0x00000000f557ecf8,0x00000000f5580000)
 Metaspace       used 51027K, committed 51904K, reserved 1097728K
  class space    used 4983K, committed 5312K, reserved 1048576K
}
Event: 1440.364 GC heap after
{Heap after GC invocations=744 (full 664):
 PSYoungGen      total 54272K, used 37375K [0x00000000f5580000, 0x00000000f9d00000, 0x0000000100000000)
  eden space 37376K, 99% used [0x00000000f5580000,0x00000000f79ffff8,0x00000000f7a00000)
  from space 16896K, 0% used [0x00000000f7a00000,0x00000000f7a00000,0x00000000f8a80000)
  to   space 16384K, 0% used [0x00000000f8a80000,0x00000000f8a80000,0x00000000f9a80000)
 ParOldGen       total 349696K, used 349691K [0x00000000e0000000, 0x00000000f5580000, 0x00000000f5580000)
  object space 349696K, 99% used [0x00000000e0000000,0x00000000f557ecd8,0x00000000f5580000)
 Metaspace       used 51027K, committed 51904K, reserved 1097728K
  class space    used 4983K, committed 5312K, reserved 1048576K
}
Event: 1440.365 GC heap before
{Heap before GC invocations=745 (full 665):
 PSYoungGen      total 54272K, used 37375K [0x00000000f5580000, 0x00000000f9d00000, 0x0000000100000000)
  eden space 37376K, 99% used [0x00000000f5580000,0x00000000f79ffff8,0x00000000f7a00000)
  from space 16896K, 0% used [0x00000000f7a00000,0x00000000f7a00000,0x00000000f8a80000)
  to   space 16384K, 0% used [0x00000000f8a80000,0x00000000f8a80000,0x00000000f9a80000)
 ParOldGen       total 349696K, used 349693K [0x00000000e0000000, 0x00000000f5580000, 0x00000000f5580000)
  object space 349696K, 99% used [0x00000000e0000000,0x00000000f557f4d8,0x00000000f5580000)
 Metaspace       used 51027K, committed 51904K, reserved 1097728K
  class space    used 4983K, committed 5312K, reserved 1048576K
}
Event: 1442.261 GC heap after
{Heap after GC invocations=745 (full 665):
 PSYoungGen      total 53760K, used 37375K [0x00000000f5580000, 0x00000000f9d00000, 0x0000000100000000)
  eden space 37376K, 99% used [0x00000000f5580000,0x00000000f79ffff8,0x00000000f7a00000)
  from space 16384K, 0% used [0x00000000f8a80000,0x00000000f8a80000,0x00000000f9a80000)
  to   space 16896K, 0% used [0x00000000f7a00000,0x00000000f7a00000,0x00000000f8a80000)
 ParOldGen       total 349696K, used 349693K [0x00000000e0000000, 0x00000000f5580000, 0x00000000f5580000)
  object space 349696K, 99% used [0x00000000e0000000,0x00000000f557f4d8,0x00000000f5580000)
 Metaspace       used 51027K, committed 51904K, reserved 1097728K
  class space    used 4983K, committed 5312K, reserved 1048576K
}
Event: 1442.262 GC heap before
{Heap before GC invocations=746 (full 666):
 PSYoungGen      total 53760K, used 37375K [0x00000000f5580000, 0x00000000f9d00000, 0x0000000100000000)
  eden space 37376K, 99% used [0x00000000f5580000,0x00000000f79ffff8,0x00000000f7a00000)
  from space 16384K, 0% used [0x00000000f8a80000,0x00000000f8a80000,0x00000000f9a80000)
  to   space 16896K, 0% used [0x00000000f7a00000,0x00000000f7a00000,0x00000000f8a80000)
 ParOldGen       total 349696K, used 349694K [0x00000000e0000000, 0x00000000f5580000, 0x00000000f5580000)
  object space 349696K, 99% used [0x00000000e0000000,0x00000000f557fbb8,0x00000000f5580000)
 Metaspace       used 51027K, committed 51904K, reserved 1097728K
  class space    used 4983K, committed 5312K, reserved 1048576K
}
Event: 1444.177 GC heap after
{Heap after GC invocations=746 (full 666):
 PSYoungGen      total 54272K, used 37375K [0x00000000f5580000, 0x00000000f9d00000, 0x0000000100000000)
  eden space 37376K, 99% used [0x00000000f5580000,0x00000000f79ffff8,0x00000000f7a00000)
  from space 16896K, 0% used [0x00000000f7a00000,0x00000000f7a00000,0x00000000f8a80000)
  to   space 16384K, 0% used [0x00000000f8a80000,0x00000000f8a80000,0x00000000f9a80000)
 ParOldGen       total 349696K, used 349694K [0x00000000e0000000, 0x00000000f5580000, 0x00000000f5580000)
  object space 349696K, 99% used [0x00000000e0000000,0x00000000f557fa98,0x00000000f5580000)
 Metaspace       used 51027K, committed 51904K, reserved 1097728K
  class space    used 4983K, committed 5312K, reserved 1048576K
}
Event: 1444.195 GC heap before
{Heap before GC invocations=747 (full 667):
 PSYoungGen      total 54272K, used 37375K [0x00000000f5580000, 0x00000000f9d00000, 0x0000000100000000)
  eden space 37376K, 99% used [0x00000000f5580000,0x00000000f79ffff8,0x00000000f7a00000)
  from space 16896K, 0% used [0x00000000f7a00000,0x00000000f7a00000,0x00000000f8a80000)
  to   space 16384K, 0% used [0x00000000f8a80000,0x00000000f8a80000,0x00000000f9a80000)
 ParOldGen       total 349696K, used 349694K [0x00000000e0000000, 0x00000000f5580000, 0x00000000f5580000)
  object space 349696K, 99% used [0x00000000e0000000,0x00000000f557fb18,0x00000000f5580000)
 Metaspace       used 51027K, committed 51904K, reserved 1097728K
  class space    used 4983K, committed 5312K, reserved 1048576K
}
Event: 1446.123 GC heap after
{Heap after GC invocations=747 (full 667):
 PSYoungGen      total 53760K, used 37375K [0x00000000f5580000, 0x00000000f9d00000, 0x0000000100000000)
  eden space 37376K, 99% used [0x00000000f5580000,0x00000000f79ffff8,0x00000000f7a00000)
  from space 16384K, 0% used [0x00000000f8a80000,0x00000000f8a80000,0x00000000f9a80000)
  to   space 16896K, 0% used [0x00000000f7a00000,0x00000000f7a00000,0x00000000f8a80000)
 ParOldGen       total 349696K, used 349694K [0x00000000e0000000, 0x00000000f5580000, 0x00000000f5580000)
  object space 349696K, 99% used [0x00000000e0000000,0x00000000f557fa98,0x00000000f5580000)
 Metaspace       used 51027K, committed 51904K, reserved 1097728K
  class space    used 4983K, committed 5312K, reserved 1048576K
}
Event: 1446.123 GC heap before
{Heap before GC invocations=748 (full 668):
 PSYoungGen      total 53760K, used 37375K [0x00000000f5580000, 0x00000000f9d00000, 0x0000000100000000)
  eden space 37376K, 99% used [0x00000000f5580000,0x00000000f79ffff8,0x00000000f7a00000)
  from space 16384K, 0% used [0x00000000f8a80000,0x00000000f8a80000,0x00000000f9a80000)
  to   space 16896K, 0% used [0x00000000f7a00000,0x00000000f7a00000,0x00000000f8a80000)
 ParOldGen       total 349696K, used 349694K [0x00000000e0000000, 0x00000000f5580000, 0x00000000f5580000)
  object space 349696K, 99% used [0x00000000e0000000,0x00000000f557fa98,0x00000000f5580000)
 Metaspace       used 51027K, committed 51904K, reserved 1097728K
  class space    used 4983K, committed 5312K, reserved 1048576K
}
Event: 1448.010 GC heap after
{Heap after GC invocations=748 (full 668):
 PSYoungGen      total 54272K, used 37375K [0x00000000f5580000, 0x00000000f9d00000, 0x0000000100000000)
  eden space 37376K, 99% used [0x00000000f5580000,0x00000000f79ffff8,0x00000000f7a00000)
  from space 16896K, 0% used [0x00000000f7a00000,0x00000000f7a00000,0x00000000f8a80000)
  to   space 16384K, 0% used [0x00000000f8a80000,0x00000000f8a80000,0x00000000f9a80000)
 ParOldGen       total 349696K, used 349694K [0x00000000e0000000, 0x00000000f5580000, 0x00000000f5580000)
  object space 349696K, 99% used [0x00000000e0000000,0x00000000f557fa98,0x00000000f5580000)
 Metaspace       used 51027K, committed 51904K, reserved 1097728K
  class space    used 4983K, committed 5312K, reserved 1048576K
}

